\BOOKMARK [0][-]{chapter.-1}{\376\377\000I\000n\000t\000r\000o\000d\000u\000c\000t\000i\000o\000n}{}% 1
\BOOKMARK [1][-]{section.-1.1}{\376\377\000A\000b\000o\000u\000t\000\040\000t\000h\000i\000s\000\040\000b\000o\000o\000k}{chapter.-1}% 2
\BOOKMARK [1][-]{section.-1.2}{\376\377\000A\000b\000o\000u\000t\000\040\000T\000h\000i\000s\000\040\000A\000d\000v\000e\000n\000t\000u\000r\000e}{chapter.-1}% 3
\BOOKMARK [1][-]{section.-1.3}{\376\377\000R\000u\000n\000n\000i\000n\000g\000\040\000t\000h\000e\000\040\000A\000d\000v\000e\000n\000t\000u\000r\000e}{chapter.-1}% 4
\BOOKMARK [1][-]{section.-1.4}{\376\377\000A\000d\000v\000e\000n\000t\000u\000r\000e\000\040\000S\000u\000m\000m\000a\000r\000y}{chapter.-1}% 5
\BOOKMARK [1][-]{section.-1.5}{\376\377\000D\000r\000a\000m\000a\000t\000i\000s\000\040\000P\000e\000r\000s\000o\000n\000\346}{chapter.-1}% 6
\BOOKMARK [1][-]{section.-1.6}{\376\377\000B\000e\000f\000o\000r\000e\000\040\000S\000t\000a\000r\000t\000i\000n\000g\000\040\000t\000h\000e\000\040\000C\000a\000m\000p\000a\000i\000g\000n}{chapter.-1}% 7
\BOOKMARK [1][-]{section.-1.7}{\376\377\000U\000n\000i\000q\000u\000e\000\040\000R\000u\000l\000e\000s\000\040\000a\000n\000d\000\040\000E\000v\000e\000n\000t\000s}{chapter.-1}% 8
\BOOKMARK [1][-]{section.-1.8}{\376\377\000H\000a\000n\000d\000l\000i\000n\000g\000\040\000D\000e\000a\000t\000h}{chapter.-1}% 9
\BOOKMARK [0][-]{chapter.0}{\376\377\000C\000h\000a\000p\000t\000e\000r\000\040\0000\000\040\000-\000\040\000W\000e\000l\000c\000o\000m\000e\000\040\000t\000o\000\040\000K\000a\000s\000i\000t\000o\000r}{}% 10
\BOOKMARK [1][-]{section.0.0}{\376\377\000R\000u\000n\000n\000i\000n\000g\000\040\000T\000h\000i\000s\000\040\000C\000h\000a\000p\000t\000e\000r}{chapter.0}% 11
\BOOKMARK [1][-]{section.0.1}{\376\377\000R\000o\000s\000h\000a\000r\000,\000\040\000t\000h\000e\000\040\000W\000o\000r\000l\000d\000\040\000o\000f\000\040\000S\000t\000o\000n\000e\000\040\000a\000n\000d\000\040\000S\000p\000r\000e\000n}{chapter.0}% 12
\BOOKMARK [1][-]{section.0.2}{\376\377\000S\000w\000o\000r\000d\000f\000i\000g\000h\000t\000\040\000T\000r\000a\000i\000n\000i\000n\000g}{chapter.0}% 13
\BOOKMARK [1][-]{section.0.3}{\376\377\000S\000h\000e\000l\000l\000\040\000S\000e\000l\000l\000e\000r}{chapter.0}% 14
\BOOKMARK [1][-]{section.0.4}{\376\377\000T\000h\000e\000\040\000D\000r\000u\000n\000k\000e\000n\000\040\000S\000k\000y\000e\000e\000l}{chapter.0}% 15
\BOOKMARK [1][-]{section.0.5}{\376\377\000B\000a\000r\000\040\000F\000i\000g\000h\000t}{chapter.0}% 16
\BOOKMARK [1][-]{section.0.6}{\376\377\000W\000o\000r\000r\000i\000e\000d\000\040\000W\000o\000m\000a\000n}{chapter.0}% 17
\BOOKMARK [1][-]{section.0.7}{\376\377\000J\000o\000u\000r\000n\000e\000y\000i\000n\000g\000\040\000O\000n\000w\000a\000r\000d}{chapter.0}% 18
\BOOKMARK [0][-]{chapter.1}{\376\377\000C\000h\000a\000p\000t\000e\000r\000\040\0001\000\040\000-\000\040\000L\000i\000f\000e\000\040\000B\000e\000f\000o\000r\000e\000\040\000D\000e\000a\000t\000h}{}% 19
\BOOKMARK [1][-]{section.1.0}{\376\377\000R\000u\000n\000n\000i\000n\000g\000\040\000T\000h\000i\000s\000\040\000C\000h\000a\000p\000t\000e\000r}{chapter.1}% 20
\BOOKMARK [1][-]{section.1.1}{\376\377\000S\000a\000i\000l\000i\000n\000g\000\040\000N\000o\000r\000t\000h}{chapter.1}% 21
\BOOKMARK [1][-]{section.1.2}{\376\377\000L\000a\000n\000d\000i\000n\000g\000\040\000o\000n\000\040\000C\000h\000i\000-\000L\000t\000i\000k}{chapter.1}% 22
\BOOKMARK [1][-]{section.1.3}{\376\377\000W\000i\000l\000d\000\040\000W\000h\000i\000t\000e\000s\000p\000i\000n\000e}{chapter.1}% 23
\BOOKMARK [1][-]{section.1.4}{\376\377\000S\000a\000f\000e\000\040\000C\000a\000m\000p}{chapter.1}% 24
\BOOKMARK [1][-]{section.1.5}{\376\377\000J\000o\000u\000r\000n\000e\000y\000i\000n\000g\000\040\000O\000n\000w\000a\000r\000d}{chapter.1}% 25
\BOOKMARK [0][-]{chapter.2}{\376\377\000C\000h\000a\000p\000t\000e\000r\000\040\0002\000\040\000-\000\040\000D\000e\000s\000p\000e\000r\000a\000t\000e\000\040\000f\000o\000r\000\040\000A\000i\000d\000l\000e\000a\000f}{}% 26
\BOOKMARK [1][-]{section.2.0}{\376\377\000R\000u\000n\000n\000i\000n\000g\000\040\000T\000h\000i\000s\000\040\000C\000h\000a\000p\000t\000e\000r}{chapter.2}% 27
\BOOKMARK [1][-]{section.2.1}{\376\377\000M\000e\000d\000i\000c\000'\000s\000\040\000R\000e\000q\000u\000e\000s\000t}{chapter.2}% 28
\BOOKMARK [1][-]{section.2.2}{\376\377\000S\000e\000a\000r\000c\000h\000\040\000f\000o\000r\000\040\000A\000i\000d\000l\000e\000a\000f}{chapter.2}% 29
\BOOKMARK [1][-]{section.2.3}{\376\377\000S\000h\000i\000p\000'\000s\000\040\000S\000e\000c\000r\000e\000t\000s}{chapter.2}% 30
\BOOKMARK [1][-]{section.2.4}{\376\377\000F\000o\000l\000l\000o\000w\000i\000n\000g\000\040\000t\000h\000e\000\040\000C\000r\000e\000w}{chapter.2}% 31
\BOOKMARK [1][-]{section.2.5}{\376\377\000A\000n\000c\000i\000e\000n\000t\000\040\000T\000e\000m\000p\000l\000e}{chapter.2}% 32
\BOOKMARK [1][-]{section.2.6}{\376\377\000H\000i\000s\000s\000i\000n\000g\000\040\000A\000x\000e\000h\000o\000u\000n\000d\000s}{chapter.2}% 33
\BOOKMARK [1][-]{section.2.7}{\376\377\000J\000o\000u\000r\000n\000e\000y\000i\000n\000g\000\040\000O\000n\000w\000a\000r\000d}{chapter.2}% 34
\BOOKMARK [0][-]{chapter.3}{\376\377\000C\000h\000a\000p\000t\000e\000r\000\040\0003\000\040\000-\000\040\000R\000e\000d\000\040\000C\000a\000l\000l\000s\000\040\000R\000e\000d\000\040\000L\000e\000a\000f}{}% 35
\BOOKMARK [1][-]{section.3.0}{\376\377\000R\000u\000n\000n\000i\000n\000g\000\040\000T\000h\000i\000s\000\040\000C\000h\000a\000p\000t\000e\000r}{chapter.3}% 36
\BOOKMARK [1][-]{section.3.1}{\376\377\000L\000a\000s\000t\000\040\000H\000o\000p\000e\000\040\000f\000o\000r\000\040\000t\000h\000e\000\040\000D\000y\000i\000n\000g}{chapter.3}% 37
\BOOKMARK [1][-]{section.3.2}{\376\377\000R\000e\000s\000h\000i\000\040\000V\000i\000l\000l\000a\000g\000e}{chapter.3}% 38
\BOOKMARK [1][-]{section.3.3}{\376\377\000L\000e\000g\000e\000n\000d\000s\000\040\000o\000f\000\040\000t\000h\000e\000\040\000R\000e\000s\000h\000i}{chapter.3}% 39
\BOOKMARK [1][-]{section.3.4}{\376\377\000S\000e\000a\000r\000c\000h\000i\000n\000g\000\040\000f\000o\000r\000\040\000S\000a\000m\000p\000l\000e\000s}{chapter.3}% 40
\BOOKMARK [1][-]{section.3.5}{\376\377\000F\000i\000n\000a\000l\000\040\000C\000o\000n\000f\000r\000o\000n\000t\000a\000t\000i\000o\000n}{chapter.3}% 41
\BOOKMARK [1][-]{section.3.6}{\376\377\000J\000o\000u\000r\000n\000e\000y\000i\000n\000g\000\040\000O\000n\000w\000a\000r\000d}{chapter.3}% 42
\BOOKMARK [0][-]{chapter.4}{\376\377\000C\000h\000a\000p\000t\000e\000r\000\040\0004\000\040\000-\000\040\000A\000i\000d\000\040\000f\000o\000r\000\040\000t\000h\000e\000\040\000D\000e\000s\000p\000e\000r\000a\000t\000e}{}% 43
\BOOKMARK [1][-]{section.4.0}{\376\377\000R\000u\000n\000n\000i\000n\000g\000\040\000T\000h\000i\000s\000\040\000C\000h\000a\000p\000t\000e\000r}{chapter.4}% 44
\BOOKMARK [1][-]{section.4.1}{\376\377\000T\000h\000r\000e\000a\000t\000\040\000o\000f\000\040\000t\000h\000e\000\040\000U\000n\000d\000y\000i\000n\000g}{chapter.4}% 45
\BOOKMARK [1][-]{section.4.2}{\376\377\000R\000i\000r\000a\000n\000\040\000A\000r\000t\000i\000f\000a\000b\000r\000i\000a\000n}{chapter.4}% 46
\BOOKMARK [1][-]{section.4.3}{\376\377\000R\000o\000g\000u\000e\000\040\000S\000h\000a\000r\000d\000b\000e\000a\000r\000e\000r}{chapter.4}% 47
\BOOKMARK [1][-]{section.4.4}{\376\377\000A\000n\000c\000i\000e\000n\000t\000\040\000P\000r\000o\000t\000e\000c\000t\000o\000r\000s}{chapter.4}% 48
\BOOKMARK [1][-]{section.4.5}{\376\377\000J\000o\000u\000r\000n\000e\000y\000i\000n\000g\000\040\000O\000n\000w\000a\000r\000d}{chapter.4}% 49
\BOOKMARK [0][-]{chapter.5}{\376\377\000C\000h\000a\000p\000t\000e\000r\000\040\0005\000\040\000-\000\040\000D\000e\000a\000t\000h\000\040\000B\000e\000f\000o\000r\000e\000\040\000L\000i\000f\000e}{}% 50
\BOOKMARK [1][-]{section.5.0}{\376\377\000R\000u\000n\000n\000i\000n\000g\000\040\000T\000h\000i\000s\000\040\000C\000h\000a\000p\000t\000e\000r}{chapter.5}% 51
\BOOKMARK [1][-]{section.5.1}{\376\377\000R\000e\000t\000u\000r\000n\000i\000n\000g\000\040\000o\000n\000\040\000C\000h\000i\000-\000L\000t\000i\000k}{chapter.5}% 52
\BOOKMARK [1][-]{section.5.2}{\376\377\000S\000e\000a\000r\000c\000h\000i\000n\000g\000\040\000f\000o\000r\000\040\000t\000h\000e\000\040\000T\000e\000m\000p\000l\000e}{chapter.5}% 53
\BOOKMARK [1][-]{section.5.3}{\376\377\000T\000e\000m\000p\000l\000e\000\040\000o\000f\000\040\000S\000c\000a\000r\000l\000e\000t\000\040\000S\000p\000r\000o\000u\000t\000e\000r}{chapter.5}% 54
\BOOKMARK [1][-]{section.5.4}{\376\377\000S\000c\000a\000r\000l\000e\000t\000\040\000S\000p\000r\000o\000u\000t\000e\000r}{chapter.5}% 55
\BOOKMARK [1][-]{section.5.5}{\376\377\000J\000o\000u\000r\000n\000e\000y\000i\000n\000g\000\040\000O\000n\000w\000a\000r\000d}{chapter.5}% 56
\BOOKMARK [0][-]{appendix.A}{\376\377\000A\000p\000p\000e\000n\000d\000i\000x\000\040\000A\000:\000\040\000D\000o\000c\000u\000m\000e\000n\000t\000\040\000H\000i\000s\000t\000o\000r\000y}{}% 57
\BOOKMARK [0][-]{appendix.B}{\376\377\000A\000p\000p\000e\000n\000d\000i\000x\000\040\000B\000:\000\040\000A\000d\000v\000e\000r\000s\000a\000r\000i\000e\000s}{}% 58
\BOOKMARK [1][-]{section.B.1}{\376\377\000D\000r\000u\000n\000k\000e\000n\000\040\000S\000a\000i\000l\000o\000r}{appendix.B}% 59
\BOOKMARK [1][-]{section.B.2}{\376\377\000H\000e\000r\000d\000a\000z\000i\000a\000n\000\040\000A\000x\000e\000h\000o\000u\000n\000d}{appendix.B}% 60
\BOOKMARK [1][-]{section.B.3}{\376\377\000R\000a\000v\000e\000n\000o\000u\000s\000\040\000L\000a\000r\000k\000i\000n}{appendix.B}% 61
\BOOKMARK [1][-]{section.B.4}{\376\377\000R\000e\000s\000h\000i\000\040\000W\000h\000i\000t\000e\000s\000p\000i\000n\000e}{appendix.B}% 62
\BOOKMARK [1][-]{section.B.5}{\376\377\000R\000e\000s\000h\000i\000\040\000K\000h\000o\000r\000n\000a\000k}{appendix.B}% 63
\BOOKMARK [1][-]{section.B.6}{\376\377\000R\000e\000s\000h\000i\000\040\000W\000a\000r\000r\000i\000o\000r}{appendix.B}% 64
\BOOKMARK [1][-]{section.B.7}{\376\377\000R\000o\000g\000u\000e\000\040\000S\000h\000a\000r\000d\000b\000e\000a\000r\000e\000r}{appendix.B}% 65
\BOOKMARK [1][-]{section.B.8}{\376\377\000R\000e\000a\000n\000i\000m\000a\000t\000e\000d\000\040\000H\000u\000s\000k\000s}{appendix.B}% 66
\BOOKMARK [1][-]{section.B.9}{\376\377\000R\000e\000a\000n\000i\000m\000a\000t\000e\000d\000\040\000R\000e\000m\000a\000i\000n\000s}{appendix.B}% 67
\BOOKMARK [1][-]{section.B.10}{\376\377\000R\000e\000a\000n\000i\000m\000a\000t\000e\000d\000\040\000A\000x\000e\000h\000o\000u\000n\000d}{appendix.B}% 68
\BOOKMARK [1][-]{section.B.11}{\376\377\000R\000e\000a\000n\000i\000m\000a\000t\000e\000d\000\040\000K\000h\000o\000r\000n\000a\000k}{appendix.B}% 69
\BOOKMARK [1][-]{section.B.12}{\376\377\000R\000e\000a\000n\000i\000m\000a\000t\000e\000d\000\040\000W\000h\000i\000t\000e\000s\000p\000i\000n\000e}{appendix.B}% 70
\BOOKMARK [1][-]{section.B.13}{\376\377\000R\000e\000a\000n\000i\000m\000a\000t\000e\000d\000\040\000P\000e\000r\000s\000o\000n}{appendix.B}% 71
\BOOKMARK [1][-]{section.B.14}{\376\377\000V\000i\000n\000e\000\040\000M\000o\000n\000s\000t\000e\000r}{appendix.B}% 72
\BOOKMARK [1][-]{section.B.15}{\376\377\000V\000i\000n\000e\000\040\000A\000b\000o\000m\000i\000n\000a\000t\000i\000o\000n}{appendix.B}% 73
\BOOKMARK [0][-]{appendix.C}{\376\377\000A\000p\000p\000e\000n\000d\000i\000x\000\040\000C\000:\000\040\000I\000t\000e\000m\000s}{}% 74
\BOOKMARK [1][-]{section.C.1}{\376\377\000P\000e\000r\000f\000e\000c\000t\000\040\000G\000e\000m\000s\000t\000o\000n\000e}{appendix.C}% 75
\BOOKMARK [1][-]{section.C.2}{\376\377\000R\000o\000g\000u\000e\000\040\000S\000h\000a\000r\000d\000b\000l\000a\000d\000e}{appendix.C}% 76
\BOOKMARK [1][-]{section.C.3}{\376\377\000T\000h\000e\000\040\000S\000p\000r\000e\000n\000\040\000S\000l\000a\000y\000e\000r}{appendix.C}% 77
\BOOKMARK [1][-]{section.C.4}{\376\377\000C\000e\000r\000e\000m\000o\000n\000i\000a\000l\000\040\000T\000o\000r\000c\000h}{appendix.C}% 78
\BOOKMARK [1][-]{section.C.5}{\376\377\000S\000t\000a\000n\000d\000i\000n\000g\000\040\000T\000o\000r\000c\000h}{appendix.C}% 79
\BOOKMARK [0][-]{appendix.D}{\376\377\000A\000p\000p\000e\000n\000d\000i\000x\000\040\000D\000:\000\040\000E\000x\000a\000m\000p\000l\000e\000\040\000C\000h\000a\000r\000a\000c\000t\000e\000r\000\040\000S\000h\000e\000e\000t\000s}{}% 80
\BOOKMARK [0][-]{appendix.E}{\376\377\000A\000p\000p\000e\000n\000d\000i\000x\000\040\000E\000:\000\040\000E\000x\000a\000m\000p\000l\000e\000\040\000M\000a\000p\000s}{}% 81
\BOOKMARK [0][-]{appendix.F}{\376\377\000A\000p\000p\000e\000n\000d\000i\000x\000\040\000F\000:\000\040\000A\000c\000k\000n\000o\000w\000l\000e\000d\000g\000m\000e\000n\000t\000s}{}% 82
